<?xml version="1.0" encoding="UTF-8"?>
<!-- Generated by org.testng.reporters.JUnitXMLReporter -->
<testsuite hostname="vYAGVD" name="Test1 on firefox" tests="1" failures="1" timestamp="3 Sep 2016 09:10:07 GMT" time="65.79" errors="0">
  <testcase name="Gexe" time="65.484" classname="com.ERP.master.grid">
    <failure type="org.openqa.selenium.WebDriverException" message="Unable to connect to host 127.0.0.1 on port 7055 after 45000 ms. Firefox console output:
onsURL&amp;quot;:null,&amp;quot;optionsType&amp;quot;:null,&amp;quot;aboutURL&amp;quot;:null,&amp;quot;icons&amp;quot;:{&amp;quot;32&amp;quot;:&amp;quot;icon.png&amp;quot;,&amp;quot;48&amp;quot;:&amp;quot;icon.png&amp;quot;},&amp;quot;iconURL&amp;quot;:null,&amp;quot;icon64URL&amp;quot;:null,&amp;quot;defaultLocale&amp;quot;:{&amp;quot;name&amp;quot;:&amp;quot;Default&amp;quot;,&amp;quot;description&amp;quot;:&amp;quot;The default theme.&amp;quot;,&amp;quot;creator&amp;quot;:&amp;quot;Mozilla&amp;quot;,&amp;quot;homepageURL&amp;quot;:null,&amp;quot;contributors&amp;quot;:[&amp;quot;Mozilla Contributors&amp;quot;]},&amp;quot;visible&amp;quot;:true,&amp;quot;active&amp;quot;:true,&amp;quot;userDisabled&amp;quot;:false,&amp;quot;appDisabled&amp;quot;:false,&amp;quot;descriptor&amp;quot;:&amp;quot;C:\\Program Files (x86)\\Mozilla Firefox\\browser\\extensions\\{972ce4c6-7e08-4474-a285-3208198ce6fd}.xpi&amp;quot;,&amp;quot;installDate&amp;quot;:1466734942000,&amp;quot;updateDate&amp;quot;:1466734942000,&amp;quot;applyBackgroundUpdates&amp;quot;:1,&amp;quot;skinnable&amp;quot;:true,&amp;quot;size&amp;quot;:22012,&amp;quot;sourceURI&amp;quot;:null,&amp;quot;releaseNotesURI&amp;quot;:null,&amp;quot;softDisabled&amp;quot;:false,&amp;quot;foreignInstall&amp;quot;:false,&amp;quot;hasBinaryComponents&amp;quot;:false,&amp;quot;strictCompatibility&amp;quot;:true,&amp;quot;locales&amp;quot;:[],&amp;quot;targetApplications&amp;quot;:[{&amp;quot;id&amp;quot;:&amp;quot;{ec8030f7-c20a-464f-9b0e-13a3a9e97384}&amp;quot;,&amp;quot;minVersion&amp;quot;:&amp;quot;47.0.1&amp;quot;,&amp;quot;maxVersion&amp;quot;:&amp;quot;47.0.1&amp;quot;}],&amp;quot;targetPlatforms&amp;quot;:[],&amp;quot;seen&amp;quot;:true}
1472893784068	addons.xpi	DEBUG	getModTime: Recursive scan of {972ce4c6-7e08-4474-a285-3208198ce6fd}
1472893784068	addons.xpi	DEBUG	Updating XPIState for {&amp;quot;id&amp;quot;:&amp;quot;{9F17B1A2-7317-49ef-BCB7-7BB47BDE10F8}&amp;quot;,&amp;quot;syncGUID&amp;quot;:&amp;quot;YO-rsMl15aOW&amp;quot;,&amp;quot;location&amp;quot;:&amp;quot;winreg-app-global&amp;quot;,&amp;quot;version&amp;quot;:&amp;quot;11.53&amp;quot;,&amp;quot;type&amp;quot;:&amp;quot;extension&amp;quot;,&amp;quot;internalName&amp;quot;:null,&amp;quot;updateURL&amp;quot;:null,&amp;quot;updateKey&amp;quot;:null,&amp;quot;optionsURL&amp;quot;:null,&amp;quot;optionsType&amp;quot;:null,&amp;quot;aboutURL&amp;quot;:null,&amp;quot;icons&amp;quot;:{},&amp;quot;iconURL&amp;quot;:null,&amp;quot;icon64URL&amp;quot;:null,&amp;quot;defaultLocale&amp;quot;:{&amp;quot;name&amp;quot;:&amp;quot;Unified Functional Testing Extension&amp;quot;,&amp;quot;description&amp;quot;:&amp;quot;Enables HP Unified Functional Testing to work with Firefox.&amp;quot;,&amp;quot;creator&amp;quot;:&amp;quot;Hewlett-Packard Development Company, L.P.&amp;quot;,&amp;quot;homepageURL&amp;quot;:null},&amp;quot;visible&amp;quot;:true,&amp;quot;active&amp;quot;:false,&amp;quot;userDisabled&amp;quot;:true,&amp;quot;appDisabled&amp;quot;:true,&amp;quot;descriptor&amp;quot;:&amp;quot;C:\\Program Files (x86)\\HP\\Unified Functional Testing\\\\bin\\Mozilla\\Common&amp;quot;,&amp;quot;installDate&amp;quot;:1465277431383,&amp;quot;updateDate&amp;quot;:1465277431383,&amp;quot;applyBackgroundUpdates&amp;quot;:1,&amp;quot;bootstrap&amp;quot;:false,&amp;quot;skinnable&amp;quot;:false,&amp;quot;size&amp;quot;:63206945,&amp;quot;sourceURI&amp;quot;:null,&amp;quot;releaseNotesURI&amp;quot;:null,&amp;quot;softDisabled&amp;quot;:false,&amp;quot;foreignInstall&amp;quot;:true,&amp;quot;hasBinaryComponents&amp;quot;:true,&amp;quot;strictCompatibility&amp;quot;:false,&amp;quot;locales&amp;quot;:[],&amp;quot;targetApplications&amp;quot;:[{&amp;quot;id&amp;quot;:&amp;quot;{ec8030f7-c20a-464f-9b0e-13a3a9e97384}&amp;quot;,&amp;quot;minVersion&amp;quot;:&amp;quot;3.0&amp;quot;,&amp;quot;maxVersion&amp;quot;:&amp;quot;31.*&amp;quot;}],&amp;quot;targetPlatforms&amp;quot;:[],&amp;quot;multiprocessCompatible&amp;quot;:false,&amp;quot;signedState&amp;quot;:0,&amp;quot;seen&amp;quot;:true}
1472893784069	DeferredSave.extensions.json	DEBUG	Save changes
1472893784069	addons.xpi	DEBUG	Updating database with changes to installed add-ons
1472893784069	addons.xpi-utils	DEBUG	Updating add-on states
1472893784070	addons.xpi-utils	DEBUG	Writing add-ons list
1472893784072	addons.xpi	DEBUG	Registering manifest for C:\Program Files (x86)\Mozilla Firefox\browser\features\e10srollout@mozilla.org.xpi
1472893784073	addons.xpi	DEBUG	Calling bootstrap method startup on e10srollout@mozilla.org version 1.0
1472893784073	addons.xpi	DEBUG	Registering manifest for C:\Program Files (x86)\Mozilla Firefox\browser\features\firefox@getpocket.com.xpi
1472893784074	addons.xpi	DEBUG	Calling bootstrap method startup on firefox@getpocket.com version 1.0.2
1472893784074	addons.xpi	DEBUG	Registering manifest for C:\Program Files (x86)\Mozilla Firefox\browser\features\loop@mozilla.org.xpi
1472893784075	addons.xpi	DEBUG	Calling bootstrap method startup on loop@mozilla.org version 1.3.2
1472893784107	addons.manager	DEBUG	Registering shutdown blocker for XPIProvider
1472893784107	addons.manager	DEBUG	Provider finished startup: XPIProvider
1472893784108	addons.manager	DEBUG	Starting provider: LightweightThemeManager
1472893784108	addons.manager	DEBUG	Registering shutdown blocker for LightweightThemeManager
1472893784108	addons.manager	DEBUG	Provider finished startup: LightweightThemeManager
1472893784109	addons.manager	DEBUG	Starting provider: GMPProvider
1472893784116	addons.manager	DEBUG	Registering shutdown blocker for GMPProvider
1472893784117	addons.manager	DEBUG	Provider finished startup: GMPProvider
1472893784117	addons.manager	DEBUG	Starting provider: PluginProvider
1472893784117	addons.manager	DEBUG	Registering shutdown blocker for PluginProvider
1472893784117	addons.manager	DEBUG	Provider finished startup: PluginProvider
1472893784118	addons.manager	DEBUG	Completed startup sequence

Command duration or timeout: 64.43 seconds
Build info: version: &amp;apos;2.53.1&amp;apos;, revision: &amp;apos;a36b8b1&amp;apos;, time: &amp;apos;2016-06-30 17:37:03&amp;apos;
System info: host: &amp;apos;vYAGVD&amp;apos;, ip: &amp;apos;10.0.0.7&amp;apos;, os.name: &amp;apos;Windows 7&amp;apos;, os.arch: &amp;apos;amd64&amp;apos;, os.version: &amp;apos;6.1&amp;apos;, java.version: &amp;apos;1.8.0_101&amp;apos;
Driver info: org.openqa.selenium.remote.RemoteWebDriver">
      <![CDATA[org.openqa.selenium.WebDriverException: Unable to connect to host 127.0.0.1 on port 7055 after 45000 ms. Firefox console output:
onsURL":null,"optionsType":null,"aboutURL":null,"icons":{"32":"icon.png","48":"icon.png"},"iconURL":null,"icon64URL":null,"defaultLocale":{"name":"Default","description":"The default theme.","creator":"Mozilla","homepageURL":null,"contributors":["Mozilla Contributors"]},"visible":true,"active":true,"userDisabled":false,"appDisabled":false,"descriptor":"C:\\Program Files (x86)\\Mozilla Firefox\\browser\\extensions\\{972ce4c6-7e08-4474-a285-3208198ce6fd}.xpi","installDate":1466734942000,"updateDate":1466734942000,"applyBackgroundUpdates":1,"skinnable":true,"size":22012,"sourceURI":null,"releaseNotesURI":null,"softDisabled":false,"foreignInstall":false,"hasBinaryComponents":false,"strictCompatibility":true,"locales":[],"targetApplications":[{"id":"{ec8030f7-c20a-464f-9b0e-13a3a9e97384}","minVersion":"47.0.1","maxVersion":"47.0.1"}],"targetPlatforms":[],"seen":true}
1472893784068	addons.xpi	DEBUG	getModTime: Recursive scan of {972ce4c6-7e08-4474-a285-3208198ce6fd}
1472893784068	addons.xpi	DEBUG	Updating XPIState for {"id":"{9F17B1A2-7317-49ef-BCB7-7BB47BDE10F8}","syncGUID":"YO-rsMl15aOW","location":"winreg-app-global","version":"11.53","type":"extension","internalName":null,"updateURL":null,"updateKey":null,"optionsURL":null,"optionsType":null,"aboutURL":null,"icons":{},"iconURL":null,"icon64URL":null,"defaultLocale":{"name":"Unified Functional Testing Extension","description":"Enables HP Unified Functional Testing to work with Firefox.","creator":"Hewlett-Packard Development Company, L.P.","homepageURL":null},"visible":true,"active":false,"userDisabled":true,"appDisabled":true,"descriptor":"C:\\Program Files (x86)\\HP\\Unified Functional Testing\\\\bin\\Mozilla\\Common","installDate":1465277431383,"updateDate":1465277431383,"applyBackgroundUpdates":1,"bootstrap":false,"skinnable":false,"size":63206945,"sourceURI":null,"releaseNotesURI":null,"softDisabled":false,"foreignInstall":true,"hasBinaryComponents":true,"strictCompatibility":false,"locales":[],"targetApplications":[{"id":"{ec8030f7-c20a-464f-9b0e-13a3a9e97384}","minVersion":"3.0","maxVersion":"31.*"}],"targetPlatforms":[],"multiprocessCompatible":false,"signedState":0,"seen":true}
1472893784069	DeferredSave.extensions.json	DEBUG	Save changes
1472893784069	addons.xpi	DEBUG	Updating database with changes to installed add-ons
1472893784069	addons.xpi-utils	DEBUG	Updating add-on states
1472893784070	addons.xpi-utils	DEBUG	Writing add-ons list
1472893784072	addons.xpi	DEBUG	Registering manifest for C:\Program Files (x86)\Mozilla Firefox\browser\features\e10srollout@mozilla.org.xpi
1472893784073	addons.xpi	DEBUG	Calling bootstrap method startup on e10srollout@mozilla.org version 1.0
1472893784073	addons.xpi	DEBUG	Registering manifest for C:\Program Files (x86)\Mozilla Firefox\browser\features\firefox@getpocket.com.xpi
1472893784074	addons.xpi	DEBUG	Calling bootstrap method startup on firefox@getpocket.com version 1.0.2
1472893784074	addons.xpi	DEBUG	Registering manifest for C:\Program Files (x86)\Mozilla Firefox\browser\features\loop@mozilla.org.xpi
1472893784075	addons.xpi	DEBUG	Calling bootstrap method startup on loop@mozilla.org version 1.3.2
1472893784107	addons.manager	DEBUG	Registering shutdown blocker for XPIProvider
1472893784107	addons.manager	DEBUG	Provider finished startup: XPIProvider
1472893784108	addons.manager	DEBUG	Starting provider: LightweightThemeManager
1472893784108	addons.manager	DEBUG	Registering shutdown blocker for LightweightThemeManager
1472893784108	addons.manager	DEBUG	Provider finished startup: LightweightThemeManager
1472893784109	addons.manager	DEBUG	Starting provider: GMPProvider
1472893784116	addons.manager	DEBUG	Registering shutdown blocker for GMPProvider
1472893784117	addons.manager	DEBUG	Provider finished startup: GMPProvider
1472893784117	addons.manager	DEBUG	Starting provider: PluginProvider
1472893784117	addons.manager	DEBUG	Registering shutdown blocker for PluginProvider
1472893784117	addons.manager	DEBUG	Provider finished startup: PluginProvider
1472893784118	addons.manager	DEBUG	Completed startup sequence

Command duration or timeout: 64.43 seconds
Build info: version: '2.53.1', revision: 'a36b8b1', time: '2016-06-30 17:37:03'
System info: host: 'vYAGVD', ip: '10.0.0.7', os.name: 'Windows 7', os.arch: 'amd64', os.version: '6.1', java.version: '1.8.0_101'
Driver info: org.openqa.selenium.remote.RemoteWebDriver
	at org.openqa.selenium.remote.ErrorHandler.createThrowable(ErrorHandler.java:206)
	at org.openqa.selenium.remote.ErrorHandler.throwIfResponseFailed(ErrorHandler.java:158)
	at org.openqa.selenium.remote.RemoteWebDriver.execute(RemoteWebDriver.java:678)
	at org.openqa.selenium.remote.RemoteWebDriver.startSession(RemoteWebDriver.java:249)
	at org.openqa.selenium.remote.RemoteWebDriver.<init>(RemoteWebDriver.java:131)
	at org.openqa.selenium.remote.RemoteWebDriver.<init>(RemoteWebDriver.java:158)
	at com.ERP.master.grid.Gexe(grid.java:44)
	at java.util.concurrent.FutureTask.run(Unknown Source)
	at java.util.concurrent.ThreadPoolExecutor.runWorker(Unknown Source)
	at java.util.concurrent.ThreadPoolExecutor$Worker.run(Unknown Source)
	at java.lang.Thread.run(Unknown Source)
Caused by: org.openqa.selenium.remote.ErrorHandler$UnknownServerException: Unable to connect to host 127.0.0.1 on port 7055 after 45000 ms. Firefox console output:
onsURL":null,"optionsType":null,"aboutURL":null,"icons":{"32":"icon.png","48":"icon.png"},"iconURL":null,"icon64URL":null,"defaultLocale":{"name":"Default","description":"The default theme.","creator":"Mozilla","homepageURL":null,"contributors":["Mozilla Contributors"]},"visible":true,"active":true,"userDisabled":false,"appDisabled":false,"descriptor":"C:\\Program Files (x86)\\Mozilla Firefox\\browser\\extensions\\{972ce4c6-7e08-4474-a285-3208198ce6fd}.xpi","installDate":1466734942000,"updateDate":1466734942000,"applyBackgroundUpdates":1,"skinnable":true,"size":22012,"sourceURI":null,"releaseNotesURI":null,"softDisabled":false,"foreignInstall":false,"hasBinaryComponents":false,"strictCompatibility":true,"locales":[],"targetApplications":[{"id":"{ec8030f7-c20a-464f-9b0e-13a3a9e97384}","minVersion":"47.0.1","maxVersion":"47.0.1"}],"targetPlatforms":[],"seen":true}
1472893784068	addons.xpi	DEBUG	getModTime: Recursive scan of {972ce4c6-7e08-4474-a285-3208198ce6fd}
1472893784068	addons.xpi	DEBUG	Updating XPIState for {"id":"{9F17B1A2-7317-49ef-BCB7-7BB47BDE10F8}","syncGUID":"YO-rsMl15aOW","location":"winreg-app-global","version":"11.53","type":"extension","internalName":null,"updateURL":null,"updateKey":null,"optionsURL":null,"optionsType":null,"aboutURL":null,"icons":{},"iconURL":null,"icon64URL":null,"defaultLocale":{"name":"Unified Functional Testing Extension","description":"Enables HP Unified Functional Testing to work with Firefox.","creator":"Hewlett-Packard Development Company, L.P.","homepageURL":null},"visible":true,"active":false,"userDisabled":true,"appDisabled":true,"descriptor":"C:\\Program Files (x86)\\HP\\Unified Functional Testing\\\\bin\\Mozilla\\Common","installDate":1465277431383,"updateDate":1465277431383,"applyBackgroundUpdates":1,"bootstrap":false,"skinnable":false,"size":63206945,"sourceURI":null,"releaseNotesURI":null,"softDisabled":false,"foreignInstall":true,"hasBinaryComponents":true,"strictCompatibility":false,"locales":[],"targetApplications":[{"id":"{ec8030f7-c20a-464f-9b0e-13a3a9e97384}","minVersion":"3.0","maxVersion":"31.*"}],"targetPlatforms":[],"multiprocessCompatible":false,"signedState":0,"seen":true}
1472893784069	DeferredSave.extensions.json	DEBUG	Save changes
1472893784069	addons.xpi	DEBUG	Updating database with changes to installed add-ons
1472893784069	addons.xpi-utils	DEBUG	Updating add-on states
1472893784070	addons.xpi-utils	DEBUG	Writing add-ons list
1472893784072	addons.xpi	DEBUG	Registering manifest for C:\Program Files (x86)\Mozilla Firefox\browser\features\e10srollout@mozilla.org.xpi
1472893784073	addons.xpi	DEBUG	Calling bootstrap method startup on e10srollout@mozilla.org version 1.0
1472893784073	addons.xpi	DEBUG	Registering manifest for C:\Program Files (x86)\Mozilla Firefox\browser\features\firefox@getpocket.com.xpi
1472893784074	addons.xpi	DEBUG	Calling bootstrap method startup on firefox@getpocket.com version 1.0.2
1472893784074	addons.xpi	DEBUG	Registering manifest for C:\Program Files (x86)\Mozilla Firefox\browser\features\loop@mozilla.org.xpi
1472893784075	addons.xpi	DEBUG	Calling bootstrap method startup on loop@mozilla.org version 1.3.2
1472893784107	addons.manager	DEBUG	Registering shutdown blocker for XPIProvider
1472893784107	addons.manager	DEBUG	Provider finished startup: XPIProvider
1472893784108	addons.manager	DEBUG	Starting provider: LightweightThemeManager
1472893784108	addons.manager	DEBUG	Registering shutdown blocker for LightweightThemeManager
1472893784108	addons.manager	DEBUG	Provider finished startup: LightweightThemeManager
1472893784109	addons.manager	DEBUG	Starting provider: GMPProvider
1472893784116	addons.manager	DEBUG	Registering shutdown blocker for GMPProvider
1472893784117	addons.manager	DEBUG	Provider finished startup: GMPProvider
1472893784117	addons.manager	DEBUG	Starting provider: PluginProvider
1472893784117	addons.manager	DEBUG	Registering shutdown blocker for PluginProvider
1472893784117	addons.manager	DEBUG	Provider finished startup: PluginProvider
1472893784118	addons.manager	DEBUG	Completed startup sequence

Build info: version: '2.53.1', revision: 'a36b8b1', time: '2016-06-30 17:37:03'
System info: host: 'vYAGVD', ip: '10.0.0.7', os.name: 'Windows 7', os.arch: 'amd64', os.version: '6.1', java.version: '1.8.0_101'
Driver info: driver.version: FirefoxDriver
	at org.openqa.selenium.firefox.internal.NewProfileExtensionConnection.start(NewProfileExtensionConnection.java:112)
	at org.openqa.selenium.firefox.FirefoxDriver.startClient(FirefoxDriver.java:271)
	at org.openqa.selenium.remote.RemoteWebDriver.<init>(RemoteWebDriver.java:119)
	at org.openqa.selenium.firefox.FirefoxDriver.<init>(FirefoxDriver.java:218)
	at org.openqa.selenium.firefox.FirefoxDriver.<init>(FirefoxDriver.java:211)
	at org.openqa.selenium.firefox.FirefoxDriver.<init>(FirefoxDriver.java:129)
	at org.openqa.selenium.remote.server.FirefoxDriverProvider.callConstructor(FirefoxDriverProvider.java:91)
	at org.openqa.selenium.remote.server.FirefoxDriverProvider.newInstance(FirefoxDriverProvider.java:68)
	at org.openqa.selenium.remote.server.DefaultDriverFactory.newInstance(DefaultDriverFactory.java:60)
	at org.openqa.selenium.remote.server.DefaultSession$BrowserCreator.call(DefaultSession.java:222)
	at org.openqa.selenium.remote.server.DefaultSession$BrowserCreator.call(DefaultSession.java:1)
	at java.util.concurrent.FutureTask.run(Unknown Source)
	at org.openqa.selenium.remote.server.DefaultSession$1.run(DefaultSession.java:176)
	... 3 more
... Removed 24 stack frames]]>
    </failure>
  </testcase> <!-- Gexe -->
</testsuite> <!-- Test1 on firefox -->
