<?xml version="1.0" encoding="UTF-8"?>
<!-- Generated by org.testng.reporters.JUnitXMLReporter -->
<testsuite hostname="vYAGVD" name="XML testng test" tests="5" failures="0" timestamp="25 Aug 2016 11:08:55 GMT" time="69.664" errors="0">
  <testcase name="Stock" time="6.449" classname="com.ERP.master.Stockng"/>
  <testcase name="Stock" time="6.201" classname="com.ERP.master.Stockng"/>
  <testcase name="Uom" time="30.536" classname="com.ERP.master.Exeng"/>
  <testcase name="Uom" time="11.288" classname="com.ERP.master.Exeng"/>
  <testcase name="Uom" time="11.096" classname="com.ERP.master.Exeng"/>
</testsuite> <!-- XML testng test -->
